<?xml version="1.0" encoding="UTF-8"?>
<testsuite name="com.theironyard.charlotte.PiSerialSensorApplicationTests" tests="1" skipped="0" failures="0" errors="0" timestamp="2017-06-12T15:54:19" hostname="Jakes-MacBook-Pro.local" time="0.057">
  <properties/>
  <testcase name="contextLoads" classname="com.theironyard.charlotte.PiSerialSensorApplicationTests" time="0.057"/>
  <system-out><![CDATA[11:54:13.190 [Test worker] DEBUG org.springframework.test.context.junit4.SpringJUnit4ClassRunner - SpringJUnit4ClassRunner constructor called with [class com.theironyard.charlotte.PiSerialSensorApplicationTests]
11:54:13.197 [Test worker] DEBUG org.springframework.test.context.BootstrapUtils - Instantiating CacheAwareContextLoaderDelegate from class [org.springframework.test.context.cache.DefaultCacheAwareContextLoaderDelegate]
11:54:13.206 [Test worker] DEBUG org.springframework.test.context.BootstrapUtils - Instantiating BootstrapContext using constructor [public org.springframework.test.context.support.DefaultBootstrapContext(java.lang.Class,org.springframework.test.context.CacheAwareContextLoaderDelegate)]
11:54:13.226 [Test worker] DEBUG org.springframework.test.context.BootstrapUtils - Instantiating TestContextBootstrapper for test class [com.theironyard.charlotte.PiSerialSensorApplicationTests] from class [org.springframework.boot.test.context.SpringBootTestContextBootstrapper]
11:54:13.243 [Test worker] INFO org.springframework.boot.test.context.SpringBootTestContextBootstrapper - Neither @ContextConfiguration nor @ContextHierarchy found for test class [com.theironyard.charlotte.PiSerialSensorApplicationTests], using SpringBootContextLoader
11:54:13.250 [Test worker] DEBUG org.springframework.test.context.support.AbstractContextLoader - Did not detect default resource location for test class [com.theironyard.charlotte.PiSerialSensorApplicationTests]: class path resource [com/theironyard/charlotte/PiSerialSensorApplicationTests-context.xml] does not exist
11:54:13.251 [Test worker] DEBUG org.springframework.test.context.support.AbstractContextLoader - Did not detect default resource location for test class [com.theironyard.charlotte.PiSerialSensorApplicationTests]: class path resource [com/theironyard/charlotte/PiSerialSensorApplicationTestsContext.groovy] does not exist
11:54:13.251 [Test worker] INFO org.springframework.test.context.support.AbstractContextLoader - Could not detect default resource locations for test class [com.theironyard.charlotte.PiSerialSensorApplicationTests]: no resource found for suffixes {-context.xml, Context.groovy}.
11:54:13.253 [Test worker] INFO org.springframework.test.context.support.AnnotationConfigContextLoaderUtils - Could not detect default configuration classes for test class [com.theironyard.charlotte.PiSerialSensorApplicationTests]: PiSerialSensorApplicationTests does not declare any static, non-private, non-final, nested classes annotated with @Configuration.
11:54:13.324 [Test worker] DEBUG org.springframework.test.context.support.ActiveProfilesUtils - Could not find an 'annotation declaring class' for annotation type [org.springframework.test.context.ActiveProfiles] and class [com.theironyard.charlotte.PiSerialSensorApplicationTests]
11:54:13.334 [Test worker] DEBUG org.springframework.core.env.StandardEnvironment - Adding [systemProperties] PropertySource with lowest search precedence
11:54:13.335 [Test worker] DEBUG org.springframework.core.env.StandardEnvironment - Adding [systemEnvironment] PropertySource with lowest search precedence
11:54:13.335 [Test worker] DEBUG org.springframework.core.env.StandardEnvironment - Initialized StandardEnvironment with PropertySources [systemProperties,systemEnvironment]
11:54:13.345 [Test worker] DEBUG org.springframework.core.io.support.PathMatchingResourcePatternResolver - Resolved classpath location [com/theironyard/charlotte/] to resources [URL [file:/Users/Jake/Code/PiSerialSensor/build/classes/test/com/theironyard/charlotte/], URL [file:/Users/Jake/Code/PiSerialSensor/build/classes/main/com/theironyard/charlotte/]]
11:54:13.345 [Test worker] DEBUG org.springframework.core.io.support.PathMatchingResourcePatternResolver - Looking for matching resources in directory tree [/Users/Jake/Code/PiSerialSensor/build/classes/test/com/theironyard/charlotte]
11:54:13.346 [Test worker] DEBUG org.springframework.core.io.support.PathMatchingResourcePatternResolver - Searching directory [/Users/Jake/Code/PiSerialSensor/build/classes/test/com/theironyard/charlotte] for files matching pattern [/Users/Jake/Code/PiSerialSensor/build/classes/test/com/theironyard/charlotte/*.class]
11:54:13.349 [Test worker] DEBUG org.springframework.core.io.support.PathMatchingResourcePatternResolver - Looking for matching resources in directory tree [/Users/Jake/Code/PiSerialSensor/build/classes/main/com/theironyard/charlotte]
11:54:13.350 [Test worker] DEBUG org.springframework.core.io.support.PathMatchingResourcePatternResolver - Searching directory [/Users/Jake/Code/PiSerialSensor/build/classes/main/com/theironyard/charlotte] for files matching pattern [/Users/Jake/Code/PiSerialSensor/build/classes/main/com/theironyard/charlotte/*.class]
11:54:13.351 [Test worker] DEBUG org.springframework.core.io.support.PathMatchingResourcePatternResolver - Resolved location pattern [classpath*:com/theironyard/charlotte/*.class] to resources [file [/Users/Jake/Code/PiSerialSensor/build/classes/test/com/theironyard/charlotte/PiSerialSensorApplicationTests.class], file [/Users/Jake/Code/PiSerialSensor/build/classes/main/com/theironyard/charlotte/PiSerialSensorApplication.class]]
11:54:13.404 [Test worker] DEBUG org.springframework.context.annotation.ClassPathScanningCandidateComponentProvider - Identified candidate component class: file [/Users/Jake/Code/PiSerialSensor/build/classes/main/com/theironyard/charlotte/PiSerialSensorApplication.class]
11:54:13.406 [Test worker] INFO org.springframework.boot.test.context.SpringBootTestContextBootstrapper - Found @SpringBootConfiguration com.theironyard.charlotte.PiSerialSensorApplication for test class com.theironyard.charlotte.PiSerialSensorApplicationTests
11:54:13.413 [Test worker] DEBUG org.springframework.boot.test.context.SpringBootTestContextBootstrapper - @TestExecutionListeners is not present for class [com.theironyard.charlotte.PiSerialSensorApplicationTests]: using defaults.
11:54:13.419 [Test worker] INFO org.springframework.boot.test.context.SpringBootTestContextBootstrapper - Loaded default TestExecutionListener class names from location [META-INF/spring.factories]: [org.springframework.boot.test.mock.mockito.MockitoTestExecutionListener, org.springframework.boot.test.mock.mockito.ResetMocksTestExecutionListener, org.springframework.boot.test.autoconfigure.restdocs.RestDocsTestExecutionListener, org.springframework.boot.test.autoconfigure.web.client.MockRestServiceServerResetTestExecutionListener, org.springframework.boot.test.autoconfigure.web.servlet.MockMvcPrintOnlyOnFailureTestExecutionListener, org.springframework.boot.test.autoconfigure.web.servlet.WebDriverTestExecutionListener, org.springframework.test.context.web.ServletTestExecutionListener, org.springframework.test.context.support.DirtiesContextBeforeModesTestExecutionListener, org.springframework.test.context.support.DependencyInjectionTestExecutionListener, org.springframework.test.context.support.DirtiesContextTestExecutionListener, org.springframework.test.context.transaction.TransactionalTestExecutionListener, org.springframework.test.context.jdbc.SqlScriptsTestExecutionListener]
11:54:13.454 [Test worker] INFO org.springframework.boot.test.context.SpringBootTestContextBootstrapper - Using TestExecutionListeners: [org.springframework.test.context.web.ServletTestExecutionListener@32c6c3c9, org.springframework.test.context.support.DirtiesContextBeforeModesTestExecutionListener@1b0b881c, org.springframework.boot.test.autoconfigure.SpringBootDependencyInjectionTestExecutionListener@cad3144, org.springframework.test.context.support.DirtiesContextTestExecutionListener@3cc09feb, org.springframework.test.context.transaction.TransactionalTestExecutionListener@389ccb31, org.springframework.test.context.jdbc.SqlScriptsTestExecutionListener@7f10ff56, org.springframework.boot.test.autoconfigure.restdocs.RestDocsTestExecutionListener@1ad2c6e1, org.springframework.boot.test.autoconfigure.web.servlet.WebDriverTestExecutionListener@22d52d97, org.springframework.boot.test.autoconfigure.web.client.MockRestServiceServerResetTestExecutionListener@7c4ebfbf, org.springframework.boot.test.autoconfigure.web.servlet.MockMvcPrintOnlyOnFailureTestExecutionListener@45c052f, org.springframework.boot.test.mock.mockito.MockitoTestExecutionListener@8b52e8b, org.springframework.boot.test.mock.mockito.ResetMocksTestExecutionListener@307039f]
11:54:13.457 [Test worker] DEBUG org.springframework.test.annotation.ProfileValueUtils - Retrieved @ProfileValueSourceConfiguration [null] for test class [com.theironyard.charlotte.PiSerialSensorApplicationTests]
11:54:13.458 [Test worker] DEBUG org.springframework.test.annotation.ProfileValueUtils - Retrieved ProfileValueSource type [class org.springframework.test.annotation.SystemProfileValueSource] for class [com.theironyard.charlotte.PiSerialSensorApplicationTests]
11:54:13.459 [Test worker] DEBUG org.springframework.test.annotation.ProfileValueUtils - Retrieved @ProfileValueSourceConfiguration [null] for test class [com.theironyard.charlotte.PiSerialSensorApplicationTests]
11:54:13.459 [Test worker] DEBUG org.springframework.test.annotation.ProfileValueUtils - Retrieved ProfileValueSource type [class org.springframework.test.annotation.SystemProfileValueSource] for class [com.theironyard.charlotte.PiSerialSensorApplicationTests]
11:54:13.466 [Test worker] DEBUG org.springframework.test.context.support.AbstractDirtiesContextTestExecutionListener - Before test class: context [DefaultTestContext@3204fd0d testClass = PiSerialSensorApplicationTests, testInstance = [null], testMethod = [null], testException = [null], mergedContextConfiguration = [WebMergedContextConfiguration@543f4205 testClass = PiSerialSensorApplicationTests, locations = '{}', classes = '{class com.theironyard.charlotte.PiSerialSensorApplication}', contextInitializerClasses = '[]', activeProfiles = '{}', propertySourceLocations = '{}', propertySourceProperties = '{org.springframework.boot.test.context.SpringBootTestContextBootstrapper=true}', contextCustomizers = set[org.springframework.boot.test.context.SpringBootTestContextCustomizer@2d669ed0, org.springframework.boot.test.context.filter.ExcludeFilterContextCustomizer@63b4ce16, org.springframework.boot.test.json.DuplicateJsonObjectContextCustomizerFactory$DuplicateJsonObjectContextCustomizer@23d9976b, org.springframework.boot.test.mock.mockito.MockitoContextCustomizer@0, org.springframework.boot.test.autoconfigure.properties.PropertyMappingContextCustomizer@0, org.springframework.boot.test.autoconfigure.web.servlet.WebDriverContextCustomizerFactory$Customizer@5e81e501], resourceBasePath = 'src/main/webapp', contextLoader = 'org.springframework.boot.test.context.SpringBootContextLoader', parent = [null]]], class annotated with @DirtiesContext [false] with mode [null].
11:54:13.467 [Test worker] DEBUG org.springframework.test.annotation.ProfileValueUtils - Retrieved @ProfileValueSourceConfiguration [null] for test class [com.theironyard.charlotte.PiSerialSensorApplicationTests]
11:54:13.467 [Test worker] DEBUG org.springframework.test.annotation.ProfileValueUtils - Retrieved ProfileValueSource type [class org.springframework.test.annotation.SystemProfileValueSource] for class [com.theironyard.charlotte.PiSerialSensorApplicationTests]
11:54:13.536 [Test worker] DEBUG org.springframework.core.env.StandardEnvironment - Adding [systemProperties] PropertySource with lowest search precedence
11:54:13.536 [Test worker] DEBUG org.springframework.core.env.StandardEnvironment - Adding [systemEnvironment] PropertySource with lowest search precedence
11:54:13.537 [Test worker] DEBUG org.springframework.core.env.StandardEnvironment - Initialized StandardEnvironment with PropertySources [systemProperties,systemEnvironment]
11:54:13.539 [Test worker] DEBUG org.springframework.core.env.MutablePropertySources - Adding [inline] PropertySource with highest search precedence
11:54:13.545 [Test worker] DEBUG org.springframework.test.context.support.TestPropertySourceUtils - Adding inlined properties to environment: {spring.jmx.enabled=false, org.springframework.boot.test.context.SpringBootTestContextBootstrapper=true, server.port=-1}
11:54:13.547 [Test worker] DEBUG org.springframework.core.env.StandardEnvironment - Adding [Inlined Test Properties] PropertySource with highest search precedence

  .   ____          _            __ _ _
 /\\ / ___'_ __ _ _(_)_ __  __ _ \ \ \ \
( ( )\___ | '_ | '_| | '_ \/ _` | \ \ \ \
 \\/  ___)| |_)| | | | | || (_| |  ) ) ) )
  '  |____| .__|_| |_|_| |_\__, | / / / /
 =========|_|==============|___/=/_/_/_/
 :: Spring Boot ::        (v1.5.4.RELEASE)

2017-06-12 11:54:14.020  INFO 23095 --- [    Test worker] c.t.c.PiSerialSensorApplicationTests     : Starting PiSerialSensorApplicationTests on Jakes-MacBook-Pro.local with PID 23095 (started by Jake in /Users/Jake/Code/PiSerialSensor)
2017-06-12 11:54:14.023  INFO 23095 --- [    Test worker] c.t.c.PiSerialSensorApplicationTests     : No active profile set, falling back to default profiles: default
2017-06-12 11:54:14.069  INFO 23095 --- [    Test worker] o.s.w.c.s.GenericWebApplicationContext   : Refreshing org.springframework.web.context.support.GenericWebApplicationContext@1e324c29: startup date [Mon Jun 12 11:54:14 EDT 2017]; root of context hierarchy
2017-06-12 11:54:16.546  INFO 23095 --- [    Test worker] j.LocalContainerEntityManagerFactoryBean : Building JPA container EntityManagerFactory for persistence unit 'default'
2017-06-12 11:54:16.568  INFO 23095 --- [    Test worker] o.hibernate.jpa.internal.util.LogHelper  : HHH000204: Processing PersistenceUnitInfo [
	name: default
	...]
2017-06-12 11:54:16.645  INFO 23095 --- [    Test worker] org.hibernate.Version                    : HHH000412: Hibernate Core {5.0.12.Final}
2017-06-12 11:54:16.647  INFO 23095 --- [    Test worker] org.hibernate.cfg.Environment            : HHH000206: hibernate.properties not found
2017-06-12 11:54:16.649  INFO 23095 --- [    Test worker] org.hibernate.cfg.Environment            : HHH000021: Bytecode provider name : javassist
2017-06-12 11:54:16.694  INFO 23095 --- [    Test worker] o.hibernate.annotations.common.Version   : HCANN000001: Hibernate Commons Annotations {5.0.1.Final}
2017-06-12 11:54:16.811  INFO 23095 --- [    Test worker] org.hibernate.dialect.Dialect            : HHH000400: Using dialect: org.hibernate.dialect.H2Dialect
2017-06-12 11:54:17.211  INFO 23095 --- [    Test worker] org.hibernate.tool.hbm2ddl.SchemaExport  : HHH000227: Running hbm2ddl schema export
2017-06-12 11:54:17.218  INFO 23095 --- [    Test worker] org.hibernate.tool.hbm2ddl.SchemaExport  : HHH000230: Schema export complete
2017-06-12 11:54:17.249  INFO 23095 --- [    Test worker] j.LocalContainerEntityManagerFactoryBean : Initialized JPA EntityManagerFactory for persistence unit 'default'
2017-06-12 11:54:18.071  INFO 23095 --- [    Test worker] s.w.s.m.m.a.RequestMappingHandlerAdapter : Looking for @ControllerAdvice: org.springframework.web.context.support.GenericWebApplicationContext@1e324c29: startup date [Mon Jun 12 11:54:14 EDT 2017]; root of context hierarchy
2017-06-12 11:54:18.207  INFO 23095 --- [    Test worker] s.w.s.m.m.a.RequestMappingHandlerMapping : Mapped "{[/error]}" onto public org.springframework.http.ResponseEntity<java.util.Map<java.lang.String, java.lang.Object>> org.springframework.boot.autoconfigure.web.BasicErrorController.error(javax.servlet.http.HttpServletRequest)
2017-06-12 11:54:18.210  INFO 23095 --- [    Test worker] s.w.s.m.m.a.RequestMappingHandlerMapping : Mapped "{[/error],produces=[text/html]}" onto public org.springframework.web.servlet.ModelAndView org.springframework.boot.autoconfigure.web.BasicErrorController.errorHtml(javax.servlet.http.HttpServletRequest,javax.servlet.http.HttpServletResponse)
2017-06-12 11:54:18.273  INFO 23095 --- [    Test worker] o.s.w.s.handler.SimpleUrlHandlerMapping  : Mapped URL path [/webjars/**] onto handler of type [class org.springframework.web.servlet.resource.ResourceHttpRequestHandler]
2017-06-12 11:54:18.273  INFO 23095 --- [    Test worker] o.s.w.s.handler.SimpleUrlHandlerMapping  : Mapped URL path [/**] onto handler of type [class org.springframework.web.servlet.resource.ResourceHttpRequestHandler]
2017-06-12 11:54:18.353  INFO 23095 --- [    Test worker] o.s.w.s.handler.SimpleUrlHandlerMapping  : Mapped URL path [/**/favicon.ico] onto handler of type [class org.springframework.web.servlet.resource.ResourceHttpRequestHandler]
2017-06-12 11:54:18.986  INFO 23095 --- [    Test worker] c.t.c.PiSerialSensorApplicationTests     : Started PiSerialSensorApplicationTests in 5.423 seconds (JVM running for 6.677)
]]></system-out>
  <system-err><![CDATA[]]></system-err>
</testsuite>
