<?xml version="1.0" encoding="UTF-8"?>
<testsuite name="com.theironyard.charlotte.PiSerialSensorApplicationTests" tests="1" skipped="0" failures="0" errors="0" timestamp="2017-06-13T22:31:17" hostname="Jakes-MacBook-Pro.local" time="0.06">
  <properties/>
  <testcase name="contextLoads" classname="com.theironyard.charlotte.PiSerialSensorApplicationTests" time="0.06"/>
  <system-out><![CDATA[18:31:10.175 [Test worker] DEBUG org.springframework.test.context.junit4.SpringJUnit4ClassRunner - SpringJUnit4ClassRunner constructor called with [class com.theironyard.charlotte.PiSerialSensorApplicationTests]
18:31:10.183 [Test worker] DEBUG org.springframework.test.context.BootstrapUtils - Instantiating CacheAwareContextLoaderDelegate from class [org.springframework.test.context.cache.DefaultCacheAwareContextLoaderDelegate]
18:31:10.198 [Test worker] DEBUG org.springframework.test.context.BootstrapUtils - Instantiating BootstrapContext using constructor [public org.springframework.test.context.support.DefaultBootstrapContext(java.lang.Class,org.springframework.test.context.CacheAwareContextLoaderDelegate)]
18:31:10.221 [Test worker] DEBUG org.springframework.test.context.BootstrapUtils - Instantiating TestContextBootstrapper for test class [com.theironyard.charlotte.PiSerialSensorApplicationTests] from class [org.springframework.boot.test.context.SpringBootTestContextBootstrapper]
18:31:10.243 [Test worker] INFO org.springframework.boot.test.context.SpringBootTestContextBootstrapper - Neither @ContextConfiguration nor @ContextHierarchy found for test class [com.theironyard.charlotte.PiSerialSensorApplicationTests], using SpringBootContextLoader
18:31:10.250 [Test worker] DEBUG org.springframework.test.context.support.AbstractContextLoader - Did not detect default resource location for test class [com.theironyard.charlotte.PiSerialSensorApplicationTests]: class path resource [com/theironyard/charlotte/PiSerialSensorApplicationTests-context.xml] does not exist
18:31:10.251 [Test worker] DEBUG org.springframework.test.context.support.AbstractContextLoader - Did not detect default resource location for test class [com.theironyard.charlotte.PiSerialSensorApplicationTests]: class path resource [com/theironyard/charlotte/PiSerialSensorApplicationTestsContext.groovy] does not exist
18:31:10.251 [Test worker] INFO org.springframework.test.context.support.AbstractContextLoader - Could not detect default resource locations for test class [com.theironyard.charlotte.PiSerialSensorApplicationTests]: no resource found for suffixes {-context.xml, Context.groovy}.
18:31:10.254 [Test worker] INFO org.springframework.test.context.support.AnnotationConfigContextLoaderUtils - Could not detect default configuration classes for test class [com.theironyard.charlotte.PiSerialSensorApplicationTests]: PiSerialSensorApplicationTests does not declare any static, non-private, non-final, nested classes annotated with @Configuration.
18:31:10.339 [Test worker] DEBUG org.springframework.test.context.support.ActiveProfilesUtils - Could not find an 'annotation declaring class' for annotation type [org.springframework.test.context.ActiveProfiles] and class [com.theironyard.charlotte.PiSerialSensorApplicationTests]
18:31:10.359 [Test worker] DEBUG org.springframework.core.env.StandardEnvironment - Adding [systemProperties] PropertySource with lowest search precedence
18:31:10.359 [Test worker] DEBUG org.springframework.core.env.StandardEnvironment - Adding [systemEnvironment] PropertySource with lowest search precedence
18:31:10.360 [Test worker] DEBUG org.springframework.core.env.StandardEnvironment - Initialized StandardEnvironment with PropertySources [systemProperties,systemEnvironment]
18:31:10.378 [Test worker] DEBUG org.springframework.core.io.support.PathMatchingResourcePatternResolver - Resolved classpath location [com/theironyard/charlotte/] to resources [URL [file:/Users/Jake/Code/PiSerialSensor/build/classes/test/com/theironyard/charlotte/], URL [file:/Users/Jake/Code/PiSerialSensor/build/classes/main/com/theironyard/charlotte/]]
18:31:10.378 [Test worker] DEBUG org.springframework.core.io.support.PathMatchingResourcePatternResolver - Looking for matching resources in directory tree [/Users/Jake/Code/PiSerialSensor/build/classes/test/com/theironyard/charlotte]
18:31:10.379 [Test worker] DEBUG org.springframework.core.io.support.PathMatchingResourcePatternResolver - Searching directory [/Users/Jake/Code/PiSerialSensor/build/classes/test/com/theironyard/charlotte] for files matching pattern [/Users/Jake/Code/PiSerialSensor/build/classes/test/com/theironyard/charlotte/*.class]
18:31:10.382 [Test worker] DEBUG org.springframework.core.io.support.PathMatchingResourcePatternResolver - Looking for matching resources in directory tree [/Users/Jake/Code/PiSerialSensor/build/classes/main/com/theironyard/charlotte]
18:31:10.383 [Test worker] DEBUG org.springframework.core.io.support.PathMatchingResourcePatternResolver - Searching directory [/Users/Jake/Code/PiSerialSensor/build/classes/main/com/theironyard/charlotte] for files matching pattern [/Users/Jake/Code/PiSerialSensor/build/classes/main/com/theironyard/charlotte/*.class]
18:31:10.384 [Test worker] DEBUG org.springframework.core.io.support.PathMatchingResourcePatternResolver - Resolved location pattern [classpath*:com/theironyard/charlotte/*.class] to resources [file [/Users/Jake/Code/PiSerialSensor/build/classes/test/com/theironyard/charlotte/PiSerialSensorApplicationTests.class], file [/Users/Jake/Code/PiSerialSensor/build/classes/main/com/theironyard/charlotte/PiSerialSensorApplication.class]]
18:31:10.451 [Test worker] DEBUG org.springframework.context.annotation.ClassPathScanningCandidateComponentProvider - Identified candidate component class: file [/Users/Jake/Code/PiSerialSensor/build/classes/main/com/theironyard/charlotte/PiSerialSensorApplication.class]
18:31:10.454 [Test worker] INFO org.springframework.boot.test.context.SpringBootTestContextBootstrapper - Found @SpringBootConfiguration com.theironyard.charlotte.PiSerialSensorApplication for test class com.theironyard.charlotte.PiSerialSensorApplicationTests
18:31:10.460 [Test worker] DEBUG org.springframework.boot.test.context.SpringBootTestContextBootstrapper - @TestExecutionListeners is not present for class [com.theironyard.charlotte.PiSerialSensorApplicationTests]: using defaults.
18:31:10.466 [Test worker] INFO org.springframework.boot.test.context.SpringBootTestContextBootstrapper - Loaded default TestExecutionListener class names from location [META-INF/spring.factories]: [org.springframework.boot.test.mock.mockito.MockitoTestExecutionListener, org.springframework.boot.test.mock.mockito.ResetMocksTestExecutionListener, org.springframework.boot.test.autoconfigure.restdocs.RestDocsTestExecutionListener, org.springframework.boot.test.autoconfigure.web.client.MockRestServiceServerResetTestExecutionListener, org.springframework.boot.test.autoconfigure.web.servlet.MockMvcPrintOnlyOnFailureTestExecutionListener, org.springframework.boot.test.autoconfigure.web.servlet.WebDriverTestExecutionListener, org.springframework.test.context.web.ServletTestExecutionListener, org.springframework.test.context.support.DirtiesContextBeforeModesTestExecutionListener, org.springframework.test.context.support.DependencyInjectionTestExecutionListener, org.springframework.test.context.support.DirtiesContextTestExecutionListener, org.springframework.test.context.transaction.TransactionalTestExecutionListener, org.springframework.test.context.jdbc.SqlScriptsTestExecutionListener]
18:31:10.500 [Test worker] INFO org.springframework.boot.test.context.SpringBootTestContextBootstrapper - Using TestExecutionListeners: [org.springframework.test.context.web.ServletTestExecutionListener@6bc31b96, org.springframework.test.context.support.DirtiesContextBeforeModesTestExecutionListener@64a67a18, org.springframework.boot.test.autoconfigure.SpringBootDependencyInjectionTestExecutionListener@7ee65cd, org.springframework.test.context.support.DirtiesContextTestExecutionListener@4e1bb47a, org.springframework.test.context.transaction.TransactionalTestExecutionListener@3d770984, org.springframework.test.context.jdbc.SqlScriptsTestExecutionListener@6a56c288, org.springframework.boot.test.autoconfigure.web.servlet.MockMvcPrintOnlyOnFailureTestExecutionListener@1ee20202, org.springframework.boot.test.autoconfigure.web.servlet.WebDriverTestExecutionListener@dc9ddc0, org.springframework.boot.test.mock.mockito.MockitoTestExecutionListener@877ded4, org.springframework.boot.test.mock.mockito.ResetMocksTestExecutionListener@54e91fd0, org.springframework.boot.test.autoconfigure.web.client.MockRestServiceServerResetTestExecutionListener@5a15e55d, org.springframework.boot.test.autoconfigure.restdocs.RestDocsTestExecutionListener@19f10402]
18:31:10.506 [Test worker] DEBUG org.springframework.test.annotation.ProfileValueUtils - Retrieved @ProfileValueSourceConfiguration [null] for test class [com.theironyard.charlotte.PiSerialSensorApplicationTests]
18:31:10.506 [Test worker] DEBUG org.springframework.test.annotation.ProfileValueUtils - Retrieved ProfileValueSource type [class org.springframework.test.annotation.SystemProfileValueSource] for class [com.theironyard.charlotte.PiSerialSensorApplicationTests]
18:31:10.507 [Test worker] DEBUG org.springframework.test.annotation.ProfileValueUtils - Retrieved @ProfileValueSourceConfiguration [null] for test class [com.theironyard.charlotte.PiSerialSensorApplicationTests]
18:31:10.508 [Test worker] DEBUG org.springframework.test.annotation.ProfileValueUtils - Retrieved ProfileValueSource type [class org.springframework.test.annotation.SystemProfileValueSource] for class [com.theironyard.charlotte.PiSerialSensorApplicationTests]
18:31:10.514 [Test worker] DEBUG org.springframework.test.context.support.AbstractDirtiesContextTestExecutionListener - Before test class: context [DefaultTestContext@755c3e2e testClass = PiSerialSensorApplicationTests, testInstance = [null], testMethod = [null], testException = [null], mergedContextConfiguration = [WebMergedContextConfiguration@439b5b5a testClass = PiSerialSensorApplicationTests, locations = '{}', classes = '{class com.theironyard.charlotte.PiSerialSensorApplication}', contextInitializerClasses = '[]', activeProfiles = '{}', propertySourceLocations = '{}', propertySourceProperties = '{org.springframework.boot.test.context.SpringBootTestContextBootstrapper=true}', contextCustomizers = set[org.springframework.boot.test.context.SpringBootTestContextCustomizer@254937fe, org.springframework.boot.test.context.filter.ExcludeFilterContextCustomizer@c78a42f, org.springframework.boot.test.json.DuplicateJsonObjectContextCustomizerFactory$DuplicateJsonObjectContextCustomizer@e7c2647, org.springframework.boot.test.mock.mockito.MockitoContextCustomizer@0, org.springframework.boot.test.autoconfigure.properties.PropertyMappingContextCustomizer@0, org.springframework.boot.test.autoconfigure.web.servlet.WebDriverContextCustomizerFactory$Customizer@3ffcfe4], resourceBasePath = 'src/main/webapp', contextLoader = 'org.springframework.boot.test.context.SpringBootContextLoader', parent = [null]]], class annotated with @DirtiesContext [false] with mode [null].
18:31:10.516 [Test worker] DEBUG org.springframework.test.annotation.ProfileValueUtils - Retrieved @ProfileValueSourceConfiguration [null] for test class [com.theironyard.charlotte.PiSerialSensorApplicationTests]
18:31:10.516 [Test worker] DEBUG org.springframework.test.annotation.ProfileValueUtils - Retrieved ProfileValueSource type [class org.springframework.test.annotation.SystemProfileValueSource] for class [com.theironyard.charlotte.PiSerialSensorApplicationTests]
18:31:10.603 [Test worker] DEBUG org.springframework.core.env.StandardEnvironment - Adding [systemProperties] PropertySource with lowest search precedence
18:31:10.604 [Test worker] DEBUG org.springframework.core.env.StandardEnvironment - Adding [systemEnvironment] PropertySource with lowest search precedence
18:31:10.604 [Test worker] DEBUG org.springframework.core.env.StandardEnvironment - Initialized StandardEnvironment with PropertySources [systemProperties,systemEnvironment]
18:31:10.607 [Test worker] DEBUG org.springframework.core.env.MutablePropertySources - Adding [inline] PropertySource with highest search precedence
18:31:10.613 [Test worker] DEBUG org.springframework.test.context.support.TestPropertySourceUtils - Adding inlined properties to environment: {spring.jmx.enabled=false, org.springframework.boot.test.context.SpringBootTestContextBootstrapper=true, server.port=-1}
18:31:10.613 [Test worker] DEBUG org.springframework.core.env.StandardEnvironment - Adding [Inlined Test Properties] PropertySource with highest search precedence

  .   ____          _            __ _ _
 /\\ / ___'_ __ _ _(_)_ __  __ _ \ \ \ \
( ( )\___ | '_ | '_| | '_ \/ _` | \ \ \ \
 \\/  ___)| |_)| | | | | || (_| |  ) ) ) )
  '  |____| .__|_| |_|_| |_\__, | / / / /
 =========|_|==============|___/=/_/_/_/
 :: Spring Boot ::        (v1.5.4.RELEASE)

2017-06-13 18:31:10.999  INFO 30664 --- [    Test worker] c.t.c.PiSerialSensorApplicationTests     : Starting PiSerialSensorApplicationTests on Jakes-MacBook-Pro.local with PID 30664 (started by Jake in /Users/Jake/Code/PiSerialSensor)
2017-06-13 18:31:11.002  INFO 30664 --- [    Test worker] c.t.c.PiSerialSensorApplicationTests     : No active profile set, falling back to default profiles: default
2017-06-13 18:31:11.061  INFO 30664 --- [    Test worker] o.s.w.c.s.GenericWebApplicationContext   : Refreshing org.springframework.web.context.support.GenericWebApplicationContext@4a942587: startup date [Tue Jun 13 18:31:11 EDT 2017]; root of context hierarchy
2017-06-13 18:31:14.799  INFO 30664 --- [    Test worker] j.LocalContainerEntityManagerFactoryBean : Building JPA container EntityManagerFactory for persistence unit 'default'
2017-06-13 18:31:14.830  INFO 30664 --- [    Test worker] o.hibernate.jpa.internal.util.LogHelper  : HHH000204: Processing PersistenceUnitInfo [
	name: default
	...]
2017-06-13 18:31:14.919  INFO 30664 --- [    Test worker] org.hibernate.Version                    : HHH000412: Hibernate Core {5.0.12.Final}
2017-06-13 18:31:14.920  INFO 30664 --- [    Test worker] org.hibernate.cfg.Environment            : HHH000206: hibernate.properties not found
2017-06-13 18:31:14.923  INFO 30664 --- [    Test worker] org.hibernate.cfg.Environment            : HHH000021: Bytecode provider name : javassist
2017-06-13 18:31:14.970  INFO 30664 --- [    Test worker] o.hibernate.annotations.common.Version   : HCANN000001: Hibernate Commons Annotations {5.0.1.Final}
2017-06-13 18:31:15.093  INFO 30664 --- [    Test worker] org.hibernate.dialect.Dialect            : HHH000400: Using dialect: org.hibernate.dialect.H2Dialect
2017-06-13 18:31:15.466  INFO 30664 --- [    Test worker] org.hibernate.tool.hbm2ddl.SchemaExport  : HHH000227: Running hbm2ddl schema export
2017-06-13 18:31:15.473  INFO 30664 --- [    Test worker] org.hibernate.tool.hbm2ddl.SchemaExport  : HHH000230: Schema export complete
2017-06-13 18:31:15.506  INFO 30664 --- [    Test worker] j.LocalContainerEntityManagerFactoryBean : Initialized JPA EntityManagerFactory for persistence unit 'default'
2017-06-13 18:31:16.352  INFO 30664 --- [    Test worker] s.w.s.m.m.a.RequestMappingHandlerAdapter : Looking for @ControllerAdvice: org.springframework.web.context.support.GenericWebApplicationContext@4a942587: startup date [Tue Jun 13 18:31:11 EDT 2017]; root of context hierarchy
2017-06-13 18:31:16.490  INFO 30664 --- [    Test worker] s.w.s.m.m.a.RequestMappingHandlerMapping : Mapped "{[/error]}" onto public org.springframework.http.ResponseEntity<java.util.Map<java.lang.String, java.lang.Object>> org.springframework.boot.autoconfigure.web.BasicErrorController.error(javax.servlet.http.HttpServletRequest)
2017-06-13 18:31:16.492  INFO 30664 --- [    Test worker] s.w.s.m.m.a.RequestMappingHandlerMapping : Mapped "{[/error],produces=[text/html]}" onto public org.springframework.web.servlet.ModelAndView org.springframework.boot.autoconfigure.web.BasicErrorController.errorHtml(javax.servlet.http.HttpServletRequest,javax.servlet.http.HttpServletResponse)
2017-06-13 18:31:16.548  INFO 30664 --- [    Test worker] o.s.w.s.handler.SimpleUrlHandlerMapping  : Mapped URL path [/webjars/**] onto handler of type [class org.springframework.web.servlet.resource.ResourceHttpRequestHandler]
2017-06-13 18:31:16.548  INFO 30664 --- [    Test worker] o.s.w.s.handler.SimpleUrlHandlerMapping  : Mapped URL path [/**] onto handler of type [class org.springframework.web.servlet.resource.ResourceHttpRequestHandler]
2017-06-13 18:31:16.635  INFO 30664 --- [    Test worker] o.s.w.s.handler.SimpleUrlHandlerMapping  : Mapped URL path [/**/favicon.ico] onto handler of type [class org.springframework.web.servlet.resource.ResourceHttpRequestHandler]
2017-06-13 18:31:17.424  INFO 30664 --- [    Test worker] c.t.c.PiSerialSensorApplicationTests     : Started PiSerialSensorApplicationTests in 6.787 seconds (JVM running for 8.306)
]]></system-out>
  <system-err><![CDATA[]]></system-err>
</testsuite>
